

Processing OtherController#index (for 127.0.0.1 at 2009-02-28 17:06:19) [GET]
  Parameters: {"page"=>"index"}
Rendering template within layouts/application
Rendering other/index
Completed in 4ms (View: 2, DB: 0) | 200 OK [http://localhost/index]


Processing OtherController#index (for 127.0.0.1 at 2009-02-28 17:06:21) [GET]
  Parameters: {"page"=>"index"}
Rendering template within layouts/application
Rendering other/index
Completed in 3ms (View: 2, DB: 0) | 200 OK [http://localhost/index]


Processing OtherController#index (for 127.0.0.1 at 2009-02-28 17:06:23) [GET]
  Parameters: {"page"=>"index"}
Rendering template within layouts/application
Rendering other/index
Completed in 3ms (View: 2, DB: 0) | 200 OK [http://localhost/index]


Processing OtherController#index (for 127.0.0.1 at 2009-02-28 17:08:06) [GET]
  Parameters: {"page"=>"index"}
Rendering template within layouts/application
Rendering other/index
Completed in 4ms (View: 3, DB: 0) | 200 OK [http://localhost/index]


Processing OtherController#index (for 127.0.0.1 at 2009-02-28 17:08:07) [GET]
  Parameters: {"page"=>"index"}
Rendering template within layouts/application
Rendering other/index
Completed in 3ms (View: 3, DB: 0) | 200 OK [http://localhost/index]


Processing OtherController#index (for 127.0.0.1 at 2009-02-28 17:08:08) [GET]
  Parameters: {"page"=>"index"}
Rendering template within layouts/application
Rendering other/index
Completed in 3ms (View: 2, DB: 0) | 200 OK [http://localhost/index]


Processing OtherController#index (for 127.0.0.1 at 2009-02-28 17:08:09) [GET]
  Parameters: {"page"=>"index"}
Rendering template within layouts/application
Rendering other/index
Completed in 3ms (View: 3, DB: 0) | 200 OK [http://localhost/index]


Processing OtherController#index (for 127.0.0.1 at 2009-02-28 17:09:22) [GET]
  Parameters: {"page"=>"index"}
Rendering template within layouts/application
Rendering other/index
Completed in 5ms (View: 3, DB: 0) | 200 OK [http://localhost/index]
